=== RUN   TestApply_jsonGoldenReference
2025-12-28T13:39:49.750-0500 [WARN]  This 'Meta' object is missing its WorkingDir, so we're creating a default one suitable only for tests
2025-12-28T13:39:49.750-0500 [TRACE] Meta.Backend: no config given or present on disk, so returning nil config
2025-12-28T13:39:49.750-0500 [TRACE] Meta.Backend: backend has not previously been initialized in this working directory
2025-12-28T13:39:49.750-0500 [DEBUG] New state was assigned lineage "a3765c95-7e4b-9286-d543-be0770d3cece"
2025-12-28T13:39:49.750-0500 [TRACE] Meta.Backend: using default local state only (no backend configuration, and no existing initialized backend)
2025-12-28T13:39:49.750-0500 [TRACE] Meta.Backend: instantiated backend of type <nil>
2025-12-28T13:39:49.750-0500 [TRACE] Meta.Backend: backend <nil> does not support operations, so wrapping it in a local backend
2025-12-28T13:39:49.750-0500 [TRACE] backend/local: CLI option -state is overriding state path to /private/var/folders/lq/09rc121s2zvbk4xhs_nkyv0c0000gn/T/TestApply_jsonGoldenReference1163615420/002/state.tfstate
2025-12-28T13:39:49.750-0500 [DEBUG] Provider registry.opentofu.org/hashicorp/test is overridden in Meta.testingOverrides
2025-12-28T13:39:49.750-0500 [DEBUG] Provider registry.opentofu.org/hashicorp2/test is overridden in Meta.testingOverrides
2025-12-28T13:39:49.761-0500 [INFO]  backend/local: starting Apply operation
2025-12-28T13:39:49.761-0500 [TRACE] backend/local: requesting state manager for workspace "default"
2025-12-28T13:39:49.761-0500 [TRACE] backend/local: state manager for workspace "default" will:
 - read initial snapshot from /private/var/folders/lq/09rc121s2zvbk4xhs_nkyv0c0000gn/T/TestApply_jsonGoldenReference1163615420/002/state.tfstate
 - write new snapshots to /private/var/folders/lq/09rc121s2zvbk4xhs_nkyv0c0000gn/T/TestApply_jsonGoldenReference1163615420/002/state.tfstate
 - create any backup at /private/var/folders/lq/09rc121s2zvbk4xhs_nkyv0c0000gn/T/TestApply_jsonGoldenReference1163615420/002/state.tfstate.backup
2025-12-28T13:39:49.761-0500 [TRACE] backend/local: requesting state lock for workspace "default"
2025-12-28T13:39:49.763-0500 [TRACE] statemgr.Filesystem: preparing to manage state snapshots at /private/var/folders/lq/09rc121s2zvbk4xhs_nkyv0c0000gn/T/TestApply_jsonGoldenReference1163615420/002/state.tfstate
2025-12-28T13:39:49.763-0500 [TRACE] statemgr.Filesystem: locking /private/var/folders/lq/09rc121s2zvbk4xhs_nkyv0c0000gn/T/TestApply_jsonGoldenReference1163615420/002/state.tfstate
2025-12-28T13:39:49.763-0500 [TRACE] statemgr.Filesystem: no previously-stored snapshot exists
2025-12-28T13:39:49.763-0500 [TRACE] statemgr.Filesystem: writing lock metadata to /private/var/folders/lq/09rc121s2zvbk4xhs_nkyv0c0000gn/T/TestApply_jsonGoldenReference1163615420/002/.state.tfstate.lock.info
2025-12-28T13:39:49.763-0500 [TRACE] backend/local: reading remote state for workspace "default"
2025-12-28T13:39:49.763-0500 [TRACE] statemgr.Filesystem: reading latest snapshot from /private/var/folders/lq/09rc121s2zvbk4xhs_nkyv0c0000gn/T/TestApply_jsonGoldenReference1163615420/002/state.tfstate
2025-12-28T13:39:49.763-0500 [TRACE] statemgr.Filesystem: snapshot file has nil snapshot, but that's okay
2025-12-28T13:39:49.763-0500 [TRACE] statemgr.Filesystem: read nil snapshot
2025-12-28T13:39:49.763-0500 [TRACE] backend/local: populating backend.LocalRun for current working directory
2025-12-28T13:39:49.763-0500 [DEBUG] Config.VerifyDependencySelections: skipping registry.opentofu.org/hashicorp/test because it's overridden by a special configuration setting
2025-12-28T13:39:49.763-0500 [DEBUG] backend/local: Skipping interactive prompts for variables because input is disabled
2025-12-28T13:39:49.763-0500 [TRACE] farseek.NewContext: starting
2025-12-28T13:39:49.763-0500 [TRACE] farseek.NewContext: complete
2025-12-28T13:39:49.763-0500 [TRACE] backend/local: running validation operation
2025-12-28T13:39:49.763-0500 [DEBUG] Building and walking validate graph
2025-12-28T13:39:49.763-0500 [TRACE] building graph for walkValidate
2025-12-28T13:39:49.763-0500 [TRACE] Executing graph transform *farseek.ConfigTransformer
2025-12-28T13:39:49.763-0500 [TRACE] ConfigTransformer: Starting for path:
2025-12-28T13:39:49.764-0500 [TRACE] Completed graph transform *farseek.ConfigTransformer with new graph:
  test_instance.foo - *farseek.NodeValidatableResource
  ------
2025-12-28T13:39:49.764-0500 [TRACE] Executing graph transform *farseek.RootVariableTransformer
2025-12-28T13:39:49.764-0500 [TRACE] Completed graph transform *farseek.RootVariableTransformer (no changes)
2025-12-28T13:39:49.764-0500 [TRACE] Executing graph transform *farseek.ModuleVariableTransformer
2025-12-28T13:39:49.764-0500 [TRACE] Completed graph transform *farseek.ModuleVariableTransformer (no changes)
2025-12-28T13:39:49.764-0500 [TRACE] Executing graph transform *farseek.LocalTransformer
2025-12-28T13:39:49.764-0500 [TRACE] Completed graph transform *farseek.LocalTransformer (no changes)
2025-12-28T13:39:49.764-0500 [TRACE] Executing graph transform *farseek.OutputTransformer
2025-12-28T13:39:49.764-0500 [TRACE] Completed graph transform *farseek.OutputTransformer (no changes)
2025-12-28T13:39:49.764-0500 [TRACE] Executing graph transform *farseek.checkTransformer
2025-12-28T13:39:49.764-0500 [TRACE] Completed graph transform *farseek.checkTransformer (no changes)
2025-12-28T13:39:49.764-0500 [TRACE] Executing graph transform *farseek.OrphanResourceInstanceTransformer
2025-12-28T13:39:49.764-0500 [TRACE] Completed graph transform *farseek.OrphanResourceInstanceTransformer (no changes)
2025-12-28T13:39:49.764-0500 [TRACE] Executing graph transform *farseek.StateTransformer
2025-12-28T13:39:49.764-0500 [TRACE] StateTransformer: pointless no-op call, creating no nodes at all
2025-12-28T13:39:49.764-0500 [TRACE] Completed graph transform *farseek.StateTransformer (no changes)
2025-12-28T13:39:49.764-0500 [TRACE] Executing graph transform *farseek.AttachStateTransformer
2025-12-28T13:39:49.764-0500 [TRACE] Completed graph transform *farseek.AttachStateTransformer (no changes)
2025-12-28T13:39:49.764-0500 [TRACE] Executing graph transform *farseek.OrphanOutputTransformer
2025-12-28T13:39:49.764-0500 [TRACE] Completed graph transform *farseek.OrphanOutputTransformer (no changes)
2025-12-28T13:39:49.764-0500 [TRACE] Executing graph transform *farseek.AttachResourceConfigTransformer
2025-12-28T13:39:49.764-0500 [TRACE] AttachResourceConfigTransformer: attaching to "test_instance.foo" (*farseek.NodeValidatableResource) config from hcl.Range{Filename:"main.tf", Start:hcl.Pos{Line:1, Column:1, Byte:0}, End:hcl.Pos{Line:1, Column:31, Byte:30}}
2025-12-28T13:39:49.764-0500 [TRACE] AttachResourceConfigTransformer: attaching provider meta configs to test_instance.foo
2025-12-28T13:39:49.764-0500 [TRACE] Completed graph transform *farseek.AttachResourceConfigTransformer (no changes)
2025-12-28T13:39:49.764-0500 [TRACE] Executing graph transform *farseek.graphTransformerMulti
2025-12-28T13:39:49.764-0500 [TRACE] (graphTransformerMulti) Executing graph transform *farseek.ProviderConfigTransformer
2025-12-28T13:39:49.764-0500 [TRACE] (graphTransformerMulti) Completed graph transform *farseek.ProviderConfigTransformer with new graph:
  test_instance.foo - *farseek.NodeValidatableResource
  ------
2025-12-28T13:39:49.764-0500 [TRACE] (graphTransformerMulti) Executing graph transform *farseek.MissingProviderTransformer
2025-12-28T13:39:49.764-0500 [DEBUG] adding implicit provider configuration provider["registry.opentofu.org/hashicorp/test"], implied first by test_instance.foo
2025-12-28T13:39:49.764-0500 [TRACE] (graphTransformerMulti) Completed graph transform *farseek.MissingProviderTransformer with new graph:
  provider["registry.opentofu.org/hashicorp/test"] - *farseek.NodeApplyableProvider
  test_instance.foo - *farseek.NodeValidatableResource
  ------
2025-12-28T13:39:49.764-0500 [TRACE] (graphTransformerMulti) Executing graph transform *farseek.ProviderTransformer
2025-12-28T13:39:49.764-0500 [TRACE] ProviderTransformer: exact match for provider["registry.opentofu.org/hashicorp/test"] serving test_instance.foo
2025-12-28T13:39:49.764-0500 [DEBUG] ProviderTransformer: "test_instance.foo" (*farseek.NodeValidatableResource) needs provider["registry.opentofu.org/hashicorp/test"]
2025-12-28T13:39:49.764-0500 [TRACE] (graphTransformerMulti) Completed graph transform *farseek.ProviderTransformer with new graph:
  provider["registry.opentofu.org/hashicorp/test"] - *farseek.NodeApplyableProvider
  test_instance.foo - *farseek.NodeValidatableResource
    provider["registry.opentofu.org/hashicorp/test"] - *farseek.NodeApplyableProvider
  ------
2025-12-28T13:39:49.764-0500 [TRACE] Completed graph transform *farseek.graphTransformerMulti with new graph:
  provider["registry.opentofu.org/hashicorp/test"] - *farseek.NodeApplyableProvider
  test_instance.foo - *farseek.NodeValidatableResource
    provider["registry.opentofu.org/hashicorp/test"] - *farseek.NodeApplyableProvider
  ------
2025-12-28T13:39:49.764-0500 [TRACE] Executing graph transform *farseek.RemovedModuleTransformer
2025-12-28T13:39:49.764-0500 [TRACE] Completed graph transform *farseek.RemovedModuleTransformer (no changes)
2025-12-28T13:39:49.764-0500 [TRACE] Executing graph transform *farseek.AttachSchemaTransformer
2025-12-28T13:39:49.764-0500 [TRACE] farseek.contextPlugins: Initializing provider "registry.opentofu.org/hashicorp/test" to read its schema
2025-12-28T13:39:49.764-0500 [ERROR] AttachSchemaTransformer: No provider config schema available for provider["registry.opentofu.org/hashicorp/test"]
2025-12-28T13:39:49.764-0500 [TRACE] AttachSchemaTransformer: attaching resource schema to test_instance.foo
2025-12-28T13:39:49.764-0500 [TRACE] Completed graph transform *farseek.AttachSchemaTransformer (no changes)
2025-12-28T13:39:49.764-0500 [TRACE] Executing graph transform *farseek.ProviderUnconfiguredTransformer
2025-12-28T13:39:49.764-0500 [TRACE] Completed graph transform *farseek.ProviderUnconfiguredTransformer (no changes)
2025-12-28T13:39:49.764-0500 [TRACE] Executing graph transform *farseek.ProviderFunctionTransformer
2025-12-28T13:39:49.764-0500 [TRACE] Completed graph transform *farseek.ProviderFunctionTransformer (no changes)
2025-12-28T13:39:49.764-0500 [TRACE] Executing graph transform *farseek.PruneProviderTransformer
2025-12-28T13:39:49.764-0500 [TRACE] Completed graph transform *farseek.PruneProviderTransformer (no changes)
2025-12-28T13:39:49.764-0500 [TRACE] Executing graph transform *farseek.ModuleExpansionTransformer
2025-12-28T13:39:49.764-0500 [TRACE] Completed graph transform *farseek.ModuleExpansionTransformer (no changes)
2025-12-28T13:39:49.764-0500 [TRACE] Executing graph transform *farseek.ExternalReferenceTransformer
2025-12-28T13:39:49.764-0500 [TRACE] Completed graph transform *farseek.ExternalReferenceTransformer (no changes)
2025-12-28T13:39:49.764-0500 [TRACE] Executing graph transform *farseek.ReferenceTransformer
2025-12-28T13:39:49.764-0500 [DEBUG] ReferenceTransformer: "test_instance.foo" references: []
2025-12-28T13:39:49.764-0500 [DEBUG] ReferenceTransformer: "provider[\"registry.opentofu.org/hashicorp/test\"]" references: []
2025-12-28T13:39:49.764-0500 [TRACE] Completed graph transform *farseek.ReferenceTransformer (no changes)
2025-12-28T13:39:49.764-0500 [TRACE] Executing graph transform *farseek.AttachDependenciesTransformer
2025-12-28T13:39:49.764-0500 [TRACE] Completed graph transform *farseek.AttachDependenciesTransformer (no changes)
2025-12-28T13:39:49.764-0500 [TRACE] Executing graph transform *farseek.attachResourceDependsOnTransformer
2025-12-28T13:39:49.764-0500 [TRACE] Completed graph transform *farseek.attachResourceDependsOnTransformer (no changes)
2025-12-28T13:39:49.764-0500 [TRACE] Executing graph transform *farseek.DestroyEdgeTransformer
2025-12-28T13:39:49.764-0500 [TRACE] Completed graph transform *farseek.DestroyEdgeTransformer (no changes)
2025-12-28T13:39:49.764-0500 [TRACE] Executing graph transform *farseek.pruneUnusedNodesTransformer
2025-12-28T13:39:49.764-0500 [TRACE] Completed graph transform *farseek.pruneUnusedNodesTransformer (no changes)
2025-12-28T13:39:49.764-0500 [TRACE] Executing graph transform *farseek.TargetingTransformer
2025-12-28T13:39:49.764-0500 [TRACE] Completed graph transform *farseek.TargetingTransformer (no changes)
2025-12-28T13:39:49.764-0500 [TRACE] Executing graph transform *farseek.ForcedCBDTransformer
2025-12-28T13:39:49.764-0500 [TRACE] Completed graph transform *farseek.ForcedCBDTransformer (no changes)
2025-12-28T13:39:49.764-0500 [TRACE] Executing graph transform *farseek.CloseableResourceTransformer
2025-12-28T13:39:49.764-0500 [TRACE] Completed graph transform *farseek.CloseableResourceTransformer (no changes)
2025-12-28T13:39:49.764-0500 [TRACE] Executing graph transform *farseek.CloseProviderTransformer
2025-12-28T13:39:49.764-0500 [TRACE] Completed graph transform *farseek.CloseProviderTransformer with new graph:
  provider["registry.opentofu.org/hashicorp/test"] - *farseek.NodeApplyableProvider
  provider["registry.opentofu.org/hashicorp/test"] (close) - *farseek.graphNodeCloseProvider
    provider["registry.opentofu.org/hashicorp/test"] - *farseek.NodeApplyableProvider
    test_instance.foo - *farseek.NodeValidatableResource
  test_instance.foo - *farseek.NodeValidatableResource
    provider["registry.opentofu.org/hashicorp/test"] - *farseek.NodeApplyableProvider
  ------
2025-12-28T13:39:49.764-0500 [TRACE] Executing graph transform *farseek.CloseRootModuleTransformer
2025-12-28T13:39:49.764-0500 [TRACE] Completed graph transform *farseek.CloseRootModuleTransformer with new graph:
  provider["registry.opentofu.org/hashicorp/test"] - *farseek.NodeApplyableProvider
  provider["registry.opentofu.org/hashicorp/test"] (close) - *farseek.graphNodeCloseProvider
    provider["registry.opentofu.org/hashicorp/test"] - *farseek.NodeApplyableProvider
    test_instance.foo - *farseek.NodeValidatableResource
  root - *farseek.nodeCloseModule
    provider["registry.opentofu.org/hashicorp/test"] (close) - *farseek.graphNodeCloseProvider
  test_instance.foo - *farseek.NodeValidatableResource
    provider["registry.opentofu.org/hashicorp/test"] - *farseek.NodeApplyableProvider
  ------
2025-12-28T13:39:49.764-0500 [TRACE] Executing graph transform *farseek.TransitiveReductionTransformer
2025-12-28T13:39:49.764-0500 [TRACE] Completed graph transform *farseek.TransitiveReductionTransformer with new graph:
  provider["registry.opentofu.org/hashicorp/test"] - *farseek.NodeApplyableProvider
  provider["registry.opentofu.org/hashicorp/test"] (close) - *farseek.graphNodeCloseProvider
    test_instance.foo - *farseek.NodeValidatableResource
  root - *farseek.nodeCloseModule
    provider["registry.opentofu.org/hashicorp/test"] (close) - *farseek.graphNodeCloseProvider
  test_instance.foo - *farseek.NodeValidatableResource
    provider["registry.opentofu.org/hashicorp/test"] - *farseek.NodeApplyableProvider
  ------
2025-12-28T13:39:49.764-0500 [DEBUG] Starting graph walk: walkValidate
2025-12-28T13:39:49.765-0500 [TRACE] vertex "provider[\"registry.opentofu.org/hashicorp/test\"]": starting visit (*farseek.NodeApplyableProvider)
2025-12-28T13:39:49.765-0500 [TRACE] BuiltinEvalContext: Initialized "provider[\"registry.opentofu.org/hashicorp/test\"]"%!s(<nil>) provider for provider["registry.opentofu.org/hashicorp/test"]
2025-12-28T13:39:49.765-0500 [TRACE] NodeApplyableProvider: validating configuration for provider["registry.opentofu.org/hashicorp/test"]
2025-12-28T13:39:49.765-0500 [TRACE] buildProviderConfig for provider["registry.opentofu.org/hashicorp/test"]: no configuration at all
2025-12-28T13:39:49.765-0500 [TRACE] vertex "provider[\"registry.opentofu.org/hashicorp/test\"]": visit complete
2025-12-28T13:39:49.765-0500 [TRACE] vertex "test_instance.foo": starting visit (*farseek.NodeValidatableResource)
2025-12-28T13:39:49.765-0500 [TRACE] vertex "test_instance.foo": visit complete
2025-12-28T13:39:49.765-0500 [TRACE] vertex "provider[\"registry.opentofu.org/hashicorp/test\"] (close)": starting visit (*farseek.graphNodeCloseProvider)
2025-12-28T13:39:49.765-0500 [TRACE] vertex "provider[\"registry.opentofu.org/hashicorp/test\"] (close)": visit complete
2025-12-28T13:39:49.765-0500 [TRACE] vertex "root": starting visit (*farseek.nodeCloseModule)
2025-12-28T13:39:49.765-0500 [TRACE] vertex "root": visit complete
2025-12-28T13:39:49.765-0500 [TRACE] LoadSchemas: retrieving schema for provider type "registry.opentofu.org/hashicorp/test"
2025-12-28T13:39:49.765-0500 [INFO]  backend/local: apply calling Plan
2025-12-28T13:39:49.765-0500 [DEBUG] Building and walking plan graph for NormalMode
2025-12-28T13:39:49.765-0500 [TRACE] building graph for walkPlan
2025-12-28T13:39:49.765-0500 [TRACE] Executing graph transform *farseek.ConfigTransformer
2025-12-28T13:39:49.765-0500 [TRACE] ConfigTransformer: Starting for path:
2025-12-28T13:39:49.765-0500 [TRACE] Completed graph transform *farseek.ConfigTransformer with new graph:
  test_instance.foo (expand) - *farseek.nodeExpandPlannableResource
  ------
2025-12-28T13:39:49.765-0500 [TRACE] Executing graph transform *farseek.RootVariableTransformer
2025-12-28T13:39:49.765-0500 [TRACE] Completed graph transform *farseek.RootVariableTransformer (no changes)
2025-12-28T13:39:49.765-0500 [TRACE] Executing graph transform *farseek.ModuleVariableTransformer
2025-12-28T13:39:49.765-0500 [TRACE] Completed graph transform *farseek.ModuleVariableTransformer (no changes)
2025-12-28T13:39:49.765-0500 [TRACE] Executing graph transform *farseek.LocalTransformer
2025-12-28T13:39:49.765-0500 [TRACE] Completed graph transform *farseek.LocalTransformer (no changes)
2025-12-28T13:39:49.765-0500 [TRACE] Executing graph transform *farseek.OutputTransformer
2025-12-28T13:39:49.765-0500 [TRACE] Completed graph transform *farseek.OutputTransformer (no changes)
2025-12-28T13:39:49.765-0500 [TRACE] Executing graph transform *farseek.checkTransformer
2025-12-28T13:39:49.765-0500 [TRACE] Completed graph transform *farseek.checkTransformer (no changes)
2025-12-28T13:39:49.765-0500 [TRACE] Executing graph transform *farseek.OrphanResourceInstanceTransformer
2025-12-28T13:39:49.765-0500 [TRACE] Completed graph transform *farseek.OrphanResourceInstanceTransformer (no changes)
2025-12-28T13:39:49.765-0500 [TRACE] Executing graph transform *farseek.StateTransformer
2025-12-28T13:39:49.765-0500 [TRACE] StateTransformer: creating nodes for deposed instance objects only
2025-12-28T13:39:49.765-0500 [TRACE] Completed graph transform *farseek.StateTransformer (no changes)
2025-12-28T13:39:49.765-0500 [TRACE] Executing graph transform *farseek.AttachStateTransformer
2025-12-28T13:39:49.765-0500 [TRACE] Completed graph transform *farseek.AttachStateTransformer (no changes)
2025-12-28T13:39:49.765-0500 [TRACE] Executing graph transform *farseek.OrphanOutputTransformer
2025-12-28T13:39:49.765-0500 [TRACE] Completed graph transform *farseek.OrphanOutputTransformer (no changes)
2025-12-28T13:39:49.765-0500 [TRACE] Executing graph transform *farseek.AttachResourceConfigTransformer
2025-12-28T13:39:49.765-0500 [TRACE] AttachResourceConfigTransformer: attaching to "test_instance.foo (expand)" (*farseek.nodeExpandPlannableResource) config from hcl.Range{Filename:"main.tf", Start:hcl.Pos{Line:1, Column:1, Byte:0}, End:hcl.Pos{Line:1, Column:31, Byte:30}}
2025-12-28T13:39:49.765-0500 [TRACE] AttachResourceConfigTransformer: attaching provider meta configs to test_instance.foo (expand)
2025-12-28T13:39:49.765-0500 [TRACE] Completed graph transform *farseek.AttachResourceConfigTransformer (no changes)
2025-12-28T13:39:49.765-0500 [TRACE] Executing graph transform *farseek.graphTransformerMulti
2025-12-28T13:39:49.765-0500 [TRACE] (graphTransformerMulti) Executing graph transform *farseek.ProviderConfigTransformer
2025-12-28T13:39:49.765-0500 [TRACE] (graphTransformerMulti) Completed graph transform *farseek.ProviderConfigTransformer with new graph:
  test_instance.foo (expand) - *farseek.nodeExpandPlannableResource
  ------
2025-12-28T13:39:49.765-0500 [TRACE] (graphTransformerMulti) Executing graph transform *farseek.MissingProviderTransformer
2025-12-28T13:39:49.765-0500 [DEBUG] adding implicit provider configuration provider["registry.opentofu.org/hashicorp/test"], implied first by test_instance.foo (expand)
2025-12-28T13:39:49.765-0500 [TRACE] (graphTransformerMulti) Completed graph transform *farseek.MissingProviderTransformer with new graph:
  provider["registry.opentofu.org/hashicorp/test"] - *farseek.NodeApplyableProvider
  test_instance.foo (expand) - *farseek.nodeExpandPlannableResource
  ------
2025-12-28T13:39:49.765-0500 [TRACE] (graphTransformerMulti) Executing graph transform *farseek.ProviderTransformer
2025-12-28T13:39:49.765-0500 [TRACE] ProviderTransformer: exact match for provider["registry.opentofu.org/hashicorp/test"] serving test_instance.foo (expand)
2025-12-28T13:39:49.765-0500 [DEBUG] ProviderTransformer: "test_instance.foo (expand)" (*farseek.nodeExpandPlannableResource) needs provider["registry.opentofu.org/hashicorp/test"]
2025-12-28T13:39:49.765-0500 [TRACE] (graphTransformerMulti) Completed graph transform *farseek.ProviderTransformer with new graph:
  provider["registry.opentofu.org/hashicorp/test"] - *farseek.NodeApplyableProvider
  test_instance.foo (expand) - *farseek.nodeExpandPlannableResource
    provider["registry.opentofu.org/hashicorp/test"] - *farseek.NodeApplyableProvider
  ------
2025-12-28T13:39:49.765-0500 [TRACE] Completed graph transform *farseek.graphTransformerMulti with new graph:
  provider["registry.opentofu.org/hashicorp/test"] - *farseek.NodeApplyableProvider
  test_instance.foo (expand) - *farseek.nodeExpandPlannableResource
    provider["registry.opentofu.org/hashicorp/test"] - *farseek.NodeApplyableProvider
  ------
2025-12-28T13:39:49.765-0500 [TRACE] Executing graph transform *farseek.RemovedModuleTransformer
2025-12-28T13:39:49.765-0500 [TRACE] Completed graph transform *farseek.RemovedModuleTransformer (no changes)
2025-12-28T13:39:49.765-0500 [TRACE] Executing graph transform *farseek.AttachSchemaTransformer
2025-12-28T13:39:49.765-0500 [TRACE] AttachSchemaTransformer: attaching resource schema to test_instance.foo (expand)
2025-12-28T13:39:49.765-0500 [ERROR] AttachSchemaTransformer: No provider config schema available for provider["registry.opentofu.org/hashicorp/test"]
2025-12-28T13:39:49.765-0500 [TRACE] Completed graph transform *farseek.AttachSchemaTransformer (no changes)
2025-12-28T13:39:49.765-0500 [TRACE] Executing graph transform *farseek.ProviderUnconfiguredTransformer
2025-12-28T13:39:49.765-0500 [TRACE] Completed graph transform *farseek.ProviderUnconfiguredTransformer (no changes)
2025-12-28T13:39:49.765-0500 [TRACE] Executing graph transform *farseek.ProviderFunctionTransformer
2025-12-28T13:39:49.765-0500 [TRACE] Completed graph transform *farseek.ProviderFunctionTransformer (no changes)
2025-12-28T13:39:49.765-0500 [TRACE] Executing graph transform *farseek.PruneProviderTransformer
2025-12-28T13:39:49.765-0500 [TRACE] Completed graph transform *farseek.PruneProviderTransformer (no changes)
2025-12-28T13:39:49.765-0500 [TRACE] Executing graph transform *farseek.ModuleExpansionTransformer
2025-12-28T13:39:49.765-0500 [TRACE] Completed graph transform *farseek.ModuleExpansionTransformer (no changes)
2025-12-28T13:39:49.766-0500 [TRACE] Executing graph transform *farseek.ExternalReferenceTransformer
2025-12-28T13:39:49.766-0500 [TRACE] Completed graph transform *farseek.ExternalReferenceTransformer (no changes)
2025-12-28T13:39:49.766-0500 [TRACE] Executing graph transform *farseek.ReferenceTransformer
2025-12-28T13:39:49.766-0500 [DEBUG] ReferenceTransformer: "test_instance.foo (expand)" references: []
2025-12-28T13:39:49.766-0500 [DEBUG] ReferenceTransformer: "provider[\"registry.opentofu.org/hashicorp/test\"]" references: []
2025-12-28T13:39:49.766-0500 [TRACE] Completed graph transform *farseek.ReferenceTransformer (no changes)
2025-12-28T13:39:49.766-0500 [TRACE] Executing graph transform *farseek.AttachDependenciesTransformer
2025-12-28T13:39:49.766-0500 [TRACE] AttachDependenciesTransformer: test_instance.foo depends on []
2025-12-28T13:39:49.766-0500 [TRACE] Completed graph transform *farseek.AttachDependenciesTransformer (no changes)
2025-12-28T13:39:49.766-0500 [TRACE] Executing graph transform *farseek.attachResourceDependsOnTransformer
2025-12-28T13:39:49.766-0500 [TRACE] Completed graph transform *farseek.attachResourceDependsOnTransformer (no changes)
2025-12-28T13:39:49.766-0500 [TRACE] Executing graph transform *farseek.DestroyEdgeTransformer
2025-12-28T13:39:49.766-0500 [TRACE] Completed graph transform *farseek.DestroyEdgeTransformer (no changes)
2025-12-28T13:39:49.766-0500 [TRACE] Executing graph transform *farseek.pruneUnusedNodesTransformer
2025-12-28T13:39:49.766-0500 [TRACE] Completed graph transform *farseek.pruneUnusedNodesTransformer (no changes)
2025-12-28T13:39:49.766-0500 [TRACE] Executing graph transform *farseek.TargetingTransformer
2025-12-28T13:39:49.766-0500 [TRACE] Completed graph transform *farseek.TargetingTransformer (no changes)
2025-12-28T13:39:49.766-0500 [TRACE] Executing graph transform *farseek.ForcedCBDTransformer
2025-12-28T13:39:49.766-0500 [TRACE] ForcedCBDTransformer: "test_instance.foo (expand)" (*farseek.nodeExpandPlannableResource) has no CBD descendent, so skipping
2025-12-28T13:39:49.766-0500 [TRACE] Completed graph transform *farseek.ForcedCBDTransformer (no changes)
2025-12-28T13:39:49.766-0500 [TRACE] Executing graph transform *farseek.CloseableResourceTransformer
2025-12-28T13:39:49.766-0500 [TRACE] Completed graph transform *farseek.CloseableResourceTransformer (no changes)
2025-12-28T13:39:49.766-0500 [TRACE] Executing graph transform *farseek.CloseProviderTransformer
2025-12-28T13:39:49.766-0500 [TRACE] Completed graph transform *farseek.CloseProviderTransformer with new graph:
  provider["registry.opentofu.org/hashicorp/test"] - *farseek.NodeApplyableProvider
  provider["registry.opentofu.org/hashicorp/test"] (close) - *farseek.graphNodeCloseProvider
    provider["registry.opentofu.org/hashicorp/test"] - *farseek.NodeApplyableProvider
    test_instance.foo (expand) - *farseek.nodeExpandPlannableResource
  test_instance.foo (expand) - *farseek.nodeExpandPlannableResource
    provider["registry.opentofu.org/hashicorp/test"] - *farseek.NodeApplyableProvider
  ------
2025-12-28T13:39:49.766-0500 [TRACE] Executing graph transform *farseek.CloseRootModuleTransformer
2025-12-28T13:39:49.766-0500 [TRACE] Completed graph transform *farseek.CloseRootModuleTransformer with new graph:
  provider["registry.opentofu.org/hashicorp/test"] - *farseek.NodeApplyableProvider
  provider["registry.opentofu.org/hashicorp/test"] (close) - *farseek.graphNodeCloseProvider
    provider["registry.opentofu.org/hashicorp/test"] - *farseek.NodeApplyableProvider
    test_instance.foo (expand) - *farseek.nodeExpandPlannableResource
  root - *farseek.nodeCloseModule
    provider["registry.opentofu.org/hashicorp/test"] (close) - *farseek.graphNodeCloseProvider
  test_instance.foo (expand) - *farseek.nodeExpandPlannableResource
    provider["registry.opentofu.org/hashicorp/test"] - *farseek.NodeApplyableProvider
  ------
2025-12-28T13:39:49.766-0500 [TRACE] Executing graph transform *farseek.TransitiveReductionTransformer
2025-12-28T13:39:49.766-0500 [TRACE] Completed graph transform *farseek.TransitiveReductionTransformer with new graph:
  provider["registry.opentofu.org/hashicorp/test"] - *farseek.NodeApplyableProvider
  provider["registry.opentofu.org/hashicorp/test"] (close) - *farseek.graphNodeCloseProvider
    test_instance.foo (expand) - *farseek.nodeExpandPlannableResource
  root - *farseek.nodeCloseModule
    provider["registry.opentofu.org/hashicorp/test"] (close) - *farseek.graphNodeCloseProvider
  test_instance.foo (expand) - *farseek.nodeExpandPlannableResource
    provider["registry.opentofu.org/hashicorp/test"] - *farseek.NodeApplyableProvider
  ------
2025-12-28T13:39:49.766-0500 [DEBUG] Starting graph walk: walkPlan
2025-12-28T13:39:49.766-0500 [TRACE] vertex "provider[\"registry.opentofu.org/hashicorp/test\"]": starting visit (*farseek.NodeApplyableProvider)
2025-12-28T13:39:49.766-0500 [TRACE] BuiltinEvalContext: Initialized "provider[\"registry.opentofu.org/hashicorp/test\"]"%!s(<nil>) provider for provider["registry.opentofu.org/hashicorp/test"]
2025-12-28T13:39:49.766-0500 [TRACE] NodeApplyableProvider: configuring provider["registry.opentofu.org/hashicorp/test"]
2025-12-28T13:39:49.766-0500 [TRACE] buildProviderConfig for provider["registry.opentofu.org/hashicorp/test"]: no configuration at all
2025-12-28T13:39:49.766-0500 [TRACE] vertex "provider[\"registry.opentofu.org/hashicorp/test\"]": visit complete
2025-12-28T13:39:49.766-0500 [TRACE] vertex "test_instance.foo (expand)": starting visit (*farseek.nodeExpandPlannableResource)
2025-12-28T13:39:49.766-0500 [TRACE] vertex "test_instance.foo (expand)": expanding dynamic subgraph
2025-12-28T13:39:49.766-0500 [TRACE] Executing graph transform *farseek.ResourceCountTransformer
2025-12-28T13:39:49.766-0500 [TRACE] ResourceCountTransformer: adding test_instance.foo as *farseek.NodePlannableResourceInstance
2025-12-28T13:39:49.766-0500 [TRACE] Completed graph transform *farseek.ResourceCountTransformer with new graph:
  test_instance.foo - *farseek.NodePlannableResourceInstance
  ------
2025-12-28T13:39:49.766-0500 [TRACE] Executing graph transform *farseek.OrphanResourceInstanceCountTransformer
2025-12-28T13:39:49.766-0500 [TRACE] Completed graph transform *farseek.OrphanResourceInstanceCountTransformer (no changes)
2025-12-28T13:39:49.766-0500 [TRACE] Executing graph transform *farseek.AttachStateTransformer
2025-12-28T13:39:49.766-0500 [DEBUG] Resource instance state not found for node "test_instance.foo", instance test_instance.foo
2025-12-28T13:39:49.766-0500 [TRACE] Completed graph transform *farseek.AttachStateTransformer (no changes)
2025-12-28T13:39:49.766-0500 [TRACE] Executing graph transform *farseek.TargetingTransformer
2025-12-28T13:39:49.766-0500 [TRACE] Completed graph transform *farseek.TargetingTransformer (no changes)
2025-12-28T13:39:49.766-0500 [TRACE] Executing graph transform *farseek.ReferenceTransformer
2025-12-28T13:39:49.766-0500 [DEBUG] ReferenceTransformer: "test_instance.foo" references: []
2025-12-28T13:39:49.766-0500 [TRACE] Completed graph transform *farseek.ReferenceTransformer (no changes)
2025-12-28T13:39:49.766-0500 [TRACE] Executing graph transform *farseek.RootTransformer
2025-12-28T13:39:49.766-0500 [TRACE] Completed graph transform *farseek.RootTransformer with new graph:
  root - farseek.graphNodeRoot
    test_instance.foo - *farseek.NodePlannableResourceInstance
  test_instance.foo - *farseek.NodePlannableResourceInstance
  ------
2025-12-28T13:39:49.766-0500 [TRACE] vertex "test_instance.foo (expand)": entering dynamic subgraph
2025-12-28T13:39:49.766-0500 [TRACE] vertex "test_instance.foo": starting visit (*farseek.NodePlannableResourceInstance)
2025-12-28T13:39:49.766-0500 [TRACE] Resolving provider key for test_instance.foo
2025-12-28T13:39:49.766-0500 [TRACE] Resolved provider key for test_instance.foo as %!s(<nil>)
2025-12-28T13:39:49.766-0500 [TRACE] readResourceInstanceState: reading state for test_instance.foo
2025-12-28T13:39:49.766-0500 [TRACE] readResourceInstanceState: no state present for test_instance.foo
2025-12-28T13:39:49.766-0500 [TRACE] NodeAbstractResourceInstance.writeResourceInstanceState to prevRunState for test_instance.foo
2025-12-28T13:39:49.766-0500 [TRACE] NodeAbstractResourceInstance.writeResourceInstanceState: removing state object for test_instance.foo
2025-12-28T13:39:49.766-0500 [TRACE] NodeAbstractResourceInstance.writeResourceInstanceState to refreshState for test_instance.foo
2025-12-28T13:39:49.766-0500 [TRACE] NodeAbstractResourceInstance.writeResourceInstanceState: removing state object for test_instance.foo
2025-12-28T13:39:49.766-0500 [TRACE] NodeAbstractResourceInstance.refresh for test_instance.foo
2025-12-28T13:39:49.766-0500 [DEBUG] refresh: test_instance.foo: no state, so not refreshing
2025-12-28T13:39:49.766-0500 [TRACE] NodeAbstractResourceInstance.writeResourceInstanceState to refreshState for test_instance.foo
2025-12-28T13:39:49.766-0500 [TRACE] NodeAbstractResourceInstance.writeResourceInstanceState: removing state object for test_instance.foo
2025-12-28T13:39:49.766-0500 [TRACE] Re-validating config for "test_instance.foo"
2025-12-28T13:39:49.767-0500 [TRACE] plan: test_instance.foo lifecycle.destroy evaluation result: skipDestroy=false
2025-12-28T13:39:49.767-0500 [TRACE] writeChange: recorded Create change for test_instance.foo
2025-12-28T13:39:49.767-0500 [TRACE] NodeAbstractResourceInstance.writeResourceInstanceState to workingState for test_instance.foo
2025-12-28T13:39:49.767-0500 [TRACE] NodeAbstractResourceInstance.writeResourceInstanceState: writing state object for test_instance.foo
2025-12-28T13:39:49.767-0500 [TRACE] vertex "test_instance.foo": visit complete
2025-12-28T13:39:49.767-0500 [TRACE] vertex "root": starting visit (farseek.graphNodeRoot)
2025-12-28T13:39:49.767-0500 [TRACE] vertex "root": visit complete
2025-12-28T13:39:49.767-0500 [TRACE] vertex "test_instance.foo (expand)": dynamic subgraph completed successfully
2025-12-28T13:39:49.767-0500 [TRACE] vertex "test_instance.foo (expand)": visit complete
2025-12-28T13:39:49.767-0500 [TRACE] vertex "provider[\"registry.opentofu.org/hashicorp/test\"] (close)": starting visit (*farseek.graphNodeCloseProvider)
2025-12-28T13:39:49.767-0500 [TRACE] vertex "provider[\"registry.opentofu.org/hashicorp/test\"] (close)": visit complete
2025-12-28T13:39:49.767-0500 [TRACE] vertex "root": starting visit (*farseek.nodeCloseModule)
2025-12-28T13:39:49.767-0500 [TRACE] vertex "root": visit complete
2025-12-28T13:39:49.767-0500 [TRACE] LoadSchemas: retrieving schema for provider type "registry.opentofu.org/hashicorp/test"
2025-12-28T13:39:49.767-0500 [DEBUG] building apply graph to check for errors
2025-12-28T13:39:49.767-0500 [TRACE] Executing graph transform *farseek.ConfigTransformer
2025-12-28T13:39:49.767-0500 [TRACE] ConfigTransformer: Starting for path:
2025-12-28T13:39:49.767-0500 [TRACE] Completed graph transform *farseek.ConfigTransformer with new graph:
  test_instance.foo (expand) - *farseek.nodeExpandApplyableResource
  ------
2025-12-28T13:39:49.767-0500 [TRACE] Executing graph transform *farseek.RootVariableTransformer
2025-12-28T13:39:49.767-0500 [TRACE] Completed graph transform *farseek.RootVariableTransformer (no changes)
2025-12-28T13:39:49.767-0500 [TRACE] Executing graph transform *farseek.ModuleVariableTransformer
2025-12-28T13:39:49.767-0500 [TRACE] Completed graph transform *farseek.ModuleVariableTransformer (no changes)
2025-12-28T13:39:49.767-0500 [TRACE] Executing graph transform *farseek.LocalTransformer
2025-12-28T13:39:49.767-0500 [TRACE] Completed graph transform *farseek.LocalTransformer (no changes)
2025-12-28T13:39:49.767-0500 [TRACE] Executing graph transform *farseek.OutputTransformer
2025-12-28T13:39:49.767-0500 [TRACE] Completed graph transform *farseek.OutputTransformer (no changes)
2025-12-28T13:39:49.767-0500 [TRACE] Executing graph transform *farseek.DiffTransformer
2025-12-28T13:39:49.767-0500 [TRACE] DiffTransformer starting
2025-12-28T13:39:49.767-0500 [TRACE] DiffTransformer: found Create change for test_instance.foo
2025-12-28T13:39:49.767-0500 [TRACE] DiffTransformer: test_instance.foo will be represented by test_instance.foo
2025-12-28T13:39:49.767-0500 [TRACE] DiffTransformer complete
2025-12-28T13:39:49.767-0500 [TRACE] Completed graph transform *farseek.DiffTransformer with new graph:
  test_instance.foo - *farseek.NodeApplyableResourceInstance
    test_instance.foo (expand) - *farseek.nodeExpandApplyableResource
  test_instance.foo (expand) - *farseek.nodeExpandApplyableResource
  ------
2025-12-28T13:39:49.767-0500 [TRACE] Executing graph transform *farseek.checkTransformer
2025-12-28T13:39:49.767-0500 [TRACE] Completed graph transform *farseek.checkTransformer (no changes)
2025-12-28T13:39:49.767-0500 [TRACE] Executing graph transform *farseek.AttachStateTransformer
2025-12-28T13:39:49.767-0500 [DEBUG] Resource state not found for node "test_instance.foo", instance test_instance.foo
2025-12-28T13:39:49.767-0500 [TRACE] Completed graph transform *farseek.AttachStateTransformer (no changes)
2025-12-28T13:39:49.767-0500 [TRACE] Executing graph transform *farseek.OrphanOutputTransformer
2025-12-28T13:39:49.767-0500 [TRACE] Completed graph transform *farseek.OrphanOutputTransformer (no changes)
2025-12-28T13:39:49.767-0500 [TRACE] Executing graph transform *farseek.AttachResourceConfigTransformer
2025-12-28T13:39:49.767-0500 [TRACE] AttachResourceConfigTransformer: attaching to "test_instance.foo (expand)" (*farseek.nodeExpandApplyableResource) config from hcl.Range{Filename:"main.tf", Start:hcl.Pos{Line:1, Column:1, Byte:0}, End:hcl.Pos{Line:1, Column:31, Byte:30}}
2025-12-28T13:39:49.767-0500 [TRACE] AttachResourceConfigTransformer: attaching provider meta configs to test_instance.foo (expand)
2025-12-28T13:39:49.767-0500 [TRACE] AttachResourceConfigTransformer: attaching to "test_instance.foo" (*farseek.NodeApplyableResourceInstance) config from hcl.Range{Filename:"main.tf", Start:hcl.Pos{Line:1, Column:1, Byte:0}, End:hcl.Pos{Line:1, Column:31, Byte:30}}
2025-12-28T13:39:49.767-0500 [TRACE] AttachResourceConfigTransformer: attaching provider meta configs to test_instance.foo
2025-12-28T13:39:49.767-0500 [TRACE] Completed graph transform *farseek.AttachResourceConfigTransformer (no changes)
2025-12-28T13:39:49.767-0500 [TRACE] Executing graph transform *farseek.graphTransformerMulti
2025-12-28T13:39:49.767-0500 [TRACE] (graphTransformerMulti) Executing graph transform *farseek.ProviderConfigTransformer
2025-12-28T13:39:49.767-0500 [TRACE] (graphTransformerMulti) Completed graph transform *farseek.ProviderConfigTransformer with new graph:
  test_instance.foo - *farseek.NodeApplyableResourceInstance
    test_instance.foo (expand) - *farseek.nodeExpandApplyableResource
  test_instance.foo (expand) - *farseek.nodeExpandApplyableResource
  ------
2025-12-28T13:39:49.767-0500 [TRACE] (graphTransformerMulti) Executing graph transform *farseek.MissingProviderTransformer
2025-12-28T13:39:49.767-0500 [DEBUG] adding implicit provider configuration provider["registry.opentofu.org/hashicorp/test"], implied first by test_instance.foo (expand)
2025-12-28T13:39:49.767-0500 [TRACE] (graphTransformerMulti) Completed graph transform *farseek.MissingProviderTransformer with new graph:
  provider["registry.opentofu.org/hashicorp/test"] - *farseek.NodeApplyableProvider
  test_instance.foo - *farseek.NodeApplyableResourceInstance
    test_instance.foo (expand) - *farseek.nodeExpandApplyableResource
  test_instance.foo (expand) - *farseek.nodeExpandApplyableResource
  ------
2025-12-28T13:39:49.767-0500 [TRACE] (graphTransformerMulti) Executing graph transform *farseek.ProviderTransformer
2025-12-28T13:39:49.767-0500 [TRACE] ProviderTransformer: exact match for provider["registry.opentofu.org/hashicorp/test"] serving test_instance.foo (expand)
2025-12-28T13:39:49.767-0500 [DEBUG] ProviderTransformer: "test_instance.foo (expand)" (*farseek.nodeExpandApplyableResource) needs provider["registry.opentofu.org/hashicorp/test"]
2025-12-28T13:39:49.767-0500 [TRACE] ProviderTransformer: exact match for provider["registry.opentofu.org/hashicorp/test"] serving test_instance.foo
2025-12-28T13:39:49.767-0500 [DEBUG] ProviderTransformer: "test_instance.foo" (*farseek.NodeApplyableResourceInstance) needs provider["registry.opentofu.org/hashicorp/test"]
2025-12-28T13:39:49.767-0500 [TRACE] (graphTransformerMulti) Completed graph transform *farseek.ProviderTransformer with new graph:
  provider["registry.opentofu.org/hashicorp/test"] - *farseek.NodeApplyableProvider
  test_instance.foo - *farseek.NodeApplyableResourceInstance
    provider["registry.opentofu.org/hashicorp/test"] - *farseek.NodeApplyableProvider
    test_instance.foo (expand) - *farseek.nodeExpandApplyableResource
  test_instance.foo (expand) - *farseek.nodeExpandApplyableResource
    provider["registry.opentofu.org/hashicorp/test"] - *farseek.NodeApplyableProvider
  ------
2025-12-28T13:39:49.767-0500 [TRACE] Completed graph transform *farseek.graphTransformerMulti with new graph:
  provider["registry.opentofu.org/hashicorp/test"] - *farseek.NodeApplyableProvider
  test_instance.foo - *farseek.NodeApplyableResourceInstance
    provider["registry.opentofu.org/hashicorp/test"] - *farseek.NodeApplyableProvider
    test_instance.foo (expand) - *farseek.nodeExpandApplyableResource
  test_instance.foo (expand) - *farseek.nodeExpandApplyableResource
    provider["registry.opentofu.org/hashicorp/test"] - *farseek.NodeApplyableProvider
  ------
2025-12-28T13:39:49.767-0500 [TRACE] Executing graph transform *farseek.RemovedModuleTransformer
2025-12-28T13:39:49.767-0500 [TRACE] Completed graph transform *farseek.RemovedModuleTransformer (no changes)
2025-12-28T13:39:49.767-0500 [TRACE] Executing graph transform *farseek.AttachSchemaTransformer
2025-12-28T13:39:49.767-0500 [TRACE] AttachSchemaTransformer: attaching resource schema to test_instance.foo (expand)
2025-12-28T13:39:49.767-0500 [TRACE] AttachSchemaTransformer: attaching resource schema to test_instance.foo
2025-12-28T13:39:49.767-0500 [ERROR] AttachSchemaTransformer: No provider config schema available for provider["registry.opentofu.org/hashicorp/test"]
2025-12-28T13:39:49.767-0500 [TRACE] Completed graph transform *farseek.AttachSchemaTransformer (no changes)
2025-12-28T13:39:49.767-0500 [TRACE] Executing graph transform *farseek.ProviderUnconfiguredTransformer
2025-12-28T13:39:49.767-0500 [TRACE] Completed graph transform *farseek.ProviderUnconfiguredTransformer (no changes)
2025-12-28T13:39:49.767-0500 [TRACE] Executing graph transform *farseek.ProviderFunctionTransformer
2025-12-28T13:39:49.767-0500 [TRACE] Completed graph transform *farseek.ProviderFunctionTransformer (no changes)
2025-12-28T13:39:49.767-0500 [TRACE] Executing graph transform *farseek.PruneProviderTransformer
2025-12-28T13:39:49.767-0500 [TRACE] Completed graph transform *farseek.PruneProviderTransformer (no changes)
2025-12-28T13:39:49.767-0500 [TRACE] Executing graph transform *farseek.ModuleExpansionTransformer
2025-12-28T13:39:49.767-0500 [TRACE] Completed graph transform *farseek.ModuleExpansionTransformer (no changes)
2025-12-28T13:39:49.767-0500 [TRACE] Executing graph transform *farseek.ExternalReferenceTransformer
2025-12-28T13:39:49.767-0500 [TRACE] Completed graph transform *farseek.ExternalReferenceTransformer (no changes)
2025-12-28T13:39:49.767-0500 [TRACE] Executing graph transform *farseek.ReferenceTransformer
2025-12-28T13:39:49.768-0500 [DEBUG] ReferenceTransformer: "test_instance.foo (expand)" references: []
2025-12-28T13:39:49.768-0500 [DEBUG] ReferenceTransformer: "test_instance.foo" references: []
2025-12-28T13:39:49.768-0500 [DEBUG] ReferenceTransformer: "provider[\"registry.opentofu.org/hashicorp/test\"]" references: []
2025-12-28T13:39:49.768-0500 [TRACE] Completed graph transform *farseek.ReferenceTransformer (no changes)
2025-12-28T13:39:49.768-0500 [TRACE] Executing graph transform *farseek.AttachDependenciesTransformer
2025-12-28T13:39:49.768-0500 [TRACE] AttachDependenciesTransformer: test_instance.foo depends on []
2025-12-28T13:39:49.768-0500 [TRACE] Completed graph transform *farseek.AttachDependenciesTransformer (no changes)
2025-12-28T13:39:49.768-0500 [TRACE] Executing graph transform *farseek.checkStartTransformer
2025-12-28T13:39:49.768-0500 [TRACE] Completed graph transform *farseek.checkStartTransformer (no changes)
2025-12-28T13:39:49.768-0500 [TRACE] Executing graph transform *farseek.ForcedCBDTransformer
2025-12-28T13:39:49.768-0500 [TRACE] ForcedCBDTransformer: "test_instance.foo" (*farseek.NodeApplyableResourceInstance) has no CBD descendent, so skipping
2025-12-28T13:39:49.768-0500 [TRACE] Completed graph transform *farseek.ForcedCBDTransformer (no changes)
2025-12-28T13:39:49.768-0500 [TRACE] Executing graph transform *farseek.DestroyEdgeTransformer
2025-12-28T13:39:49.768-0500 [TRACE] Completed graph transform *farseek.DestroyEdgeTransformer (no changes)
2025-12-28T13:39:49.768-0500 [TRACE] Executing graph transform *farseek.CBDEdgeTransformer
2025-12-28T13:39:49.768-0500 [TRACE] Completed graph transform *farseek.CBDEdgeTransformer (no changes)
2025-12-28T13:39:49.768-0500 [TRACE] Executing graph transform *farseek.pruneUnusedNodesTransformer
2025-12-28T13:39:49.768-0500 [TRACE] pruneUnusedNodes: provider vertex "provider[\"registry.opentofu.org/hashicorp/test\"]" kept because vertex "test_instance.foo" depends on it
2025-12-28T13:39:49.768-0500 [TRACE] pruneUnusedNodes: expanding vertex "test_instance.foo (expand)" kept because an instance vertex "test_instance.foo" depends on it
2025-12-28T13:39:49.768-0500 [TRACE] pruneUnusedNodes: vertex "test_instance.foo" kept
2025-12-28T13:39:49.768-0500 [TRACE] Completed graph transform *farseek.pruneUnusedNodesTransformer (no changes)
2025-12-28T13:39:49.768-0500 [TRACE] Executing graph transform *farseek.TargetingTransformer
2025-12-28T13:39:49.768-0500 [TRACE] Completed graph transform *farseek.TargetingTransformer (no changes)
2025-12-28T13:39:49.768-0500 [TRACE] Executing graph transform *farseek.CloseableResourceTransformer
2025-12-28T13:39:49.768-0500 [TRACE] Completed graph transform *farseek.CloseableResourceTransformer (no changes)
2025-12-28T13:39:49.768-0500 [TRACE] Executing graph transform *farseek.CloseProviderTransformer
2025-12-28T13:39:49.768-0500 [TRACE] Completed graph transform *farseek.CloseProviderTransformer with new graph:
  provider["registry.opentofu.org/hashicorp/test"] - *farseek.NodeApplyableProvider
  provider["registry.opentofu.org/hashicorp/test"] (close) - *farseek.graphNodeCloseProvider
    provider["registry.opentofu.org/hashicorp/test"] - *farseek.NodeApplyableProvider
    test_instance.foo - *farseek.NodeApplyableResourceInstance
    test_instance.foo (expand) - *farseek.nodeExpandApplyableResource
  test_instance.foo - *farseek.NodeApplyableResourceInstance
    provider["registry.opentofu.org/hashicorp/test"] - *farseek.NodeApplyableProvider
    test_instance.foo (expand) - *farseek.nodeExpandApplyableResource
  test_instance.foo (expand) - *farseek.nodeExpandApplyableResource
    provider["registry.opentofu.org/hashicorp/test"] - *farseek.NodeApplyableProvider
  ------
2025-12-28T13:39:49.768-0500 [TRACE] Executing graph transform *farseek.CloseRootModuleTransformer
2025-12-28T13:39:49.768-0500 [TRACE] Completed graph transform *farseek.CloseRootModuleTransformer with new graph:
  provider["registry.opentofu.org/hashicorp/test"] - *farseek.NodeApplyableProvider
  provider["registry.opentofu.org/hashicorp/test"] (close) - *farseek.graphNodeCloseProvider
    provider["registry.opentofu.org/hashicorp/test"] - *farseek.NodeApplyableProvider
    test_instance.foo - *farseek.NodeApplyableResourceInstance
    test_instance.foo (expand) - *farseek.nodeExpandApplyableResource
  root - *farseek.nodeCloseModule
    provider["registry.opentofu.org/hashicorp/test"] (close) - *farseek.graphNodeCloseProvider
  test_instance.foo - *farseek.NodeApplyableResourceInstance
    provider["registry.opentofu.org/hashicorp/test"] - *farseek.NodeApplyableProvider
    test_instance.foo (expand) - *farseek.nodeExpandApplyableResource
  test_instance.foo (expand) - *farseek.nodeExpandApplyableResource
    provider["registry.opentofu.org/hashicorp/test"] - *farseek.NodeApplyableProvider
  ------
2025-12-28T13:39:49.768-0500 [TRACE] Executing graph transform *farseek.TransitiveReductionTransformer
2025-12-28T13:39:49.768-0500 [TRACE] Completed graph transform *farseek.TransitiveReductionTransformer with new graph:
  provider["registry.opentofu.org/hashicorp/test"] - *farseek.NodeApplyableProvider
  provider["registry.opentofu.org/hashicorp/test"] (close) - *farseek.graphNodeCloseProvider
    test_instance.foo - *farseek.NodeApplyableResourceInstance
  root - *farseek.nodeCloseModule
    provider["registry.opentofu.org/hashicorp/test"] (close) - *farseek.graphNodeCloseProvider
  test_instance.foo - *farseek.NodeApplyableResourceInstance
    test_instance.foo (expand) - *farseek.nodeExpandApplyableResource
  test_instance.foo (expand) - *farseek.nodeExpandApplyableResource
    provider["registry.opentofu.org/hashicorp/test"] - *farseek.NodeApplyableProvider
  ------
2025-12-28T13:39:49.768-0500 [INFO]  backend/local: apply calling Apply
2025-12-28T13:39:49.768-0500 [DEBUG] Building and walking apply graph for NormalMode plan
2025-12-28T13:39:49.768-0500 [TRACE] Executing graph transform *farseek.ConfigTransformer
2025-12-28T13:39:49.768-0500 [TRACE] ConfigTransformer: Starting for path:
2025-12-28T13:39:49.768-0500 [TRACE] Completed graph transform *farseek.ConfigTransformer with new graph:
  test_instance.foo (expand) - *farseek.nodeExpandApplyableResource
  ------
2025-12-28T13:39:49.768-0500 [TRACE] Executing graph transform *farseek.RootVariableTransformer
2025-12-28T13:39:49.768-0500 [TRACE] Completed graph transform *farseek.RootVariableTransformer (no changes)
2025-12-28T13:39:49.768-0500 [TRACE] Executing graph transform *farseek.ModuleVariableTransformer
2025-12-28T13:39:49.768-0500 [TRACE] Completed graph transform *farseek.ModuleVariableTransformer (no changes)
2025-12-28T13:39:49.768-0500 [TRACE] Executing graph transform *farseek.LocalTransformer
2025-12-28T13:39:49.768-0500 [TRACE] Completed graph transform *farseek.LocalTransformer (no changes)
2025-12-28T13:39:49.768-0500 [TRACE] Executing graph transform *farseek.OutputTransformer
2025-12-28T13:39:49.768-0500 [TRACE] Completed graph transform *farseek.OutputTransformer (no changes)
2025-12-28T13:39:49.768-0500 [TRACE] Executing graph transform *farseek.DiffTransformer
2025-12-28T13:39:49.768-0500 [TRACE] DiffTransformer starting
2025-12-28T13:39:49.768-0500 [TRACE] DiffTransformer: found Create change for test_instance.foo
2025-12-28T13:39:49.768-0500 [TRACE] DiffTransformer: test_instance.foo will be represented by test_instance.foo
2025-12-28T13:39:49.768-0500 [TRACE] DiffTransformer complete
2025-12-28T13:39:49.768-0500 [TRACE] Completed graph transform *farseek.DiffTransformer with new graph:
  test_instance.foo - *farseek.NodeApplyableResourceInstance
    test_instance.foo (expand) - *farseek.nodeExpandApplyableResource
  test_instance.foo (expand) - *farseek.nodeExpandApplyableResource
  ------
2025-12-28T13:39:49.768-0500 [TRACE] Executing graph transform *farseek.checkTransformer
2025-12-28T13:39:49.768-0500 [TRACE] Completed graph transform *farseek.checkTransformer (no changes)
2025-12-28T13:39:49.768-0500 [TRACE] Executing graph transform *farseek.AttachStateTransformer
2025-12-28T13:39:49.768-0500 [DEBUG] Resource state not found for node "test_instance.foo", instance test_instance.foo
2025-12-28T13:39:49.768-0500 [TRACE] Completed graph transform *farseek.AttachStateTransformer (no changes)
2025-12-28T13:39:49.768-0500 [TRACE] Executing graph transform *farseek.OrphanOutputTransformer
2025-12-28T13:39:49.768-0500 [TRACE] Completed graph transform *farseek.OrphanOutputTransformer (no changes)
2025-12-28T13:39:49.768-0500 [TRACE] Executing graph transform *farseek.AttachResourceConfigTransformer
2025-12-28T13:39:49.768-0500 [TRACE] AttachResourceConfigTransformer: attaching to "test_instance.foo (expand)" (*farseek.nodeExpandApplyableResource) config from hcl.Range{Filename:"main.tf", Start:hcl.Pos{Line:1, Column:1, Byte:0}, End:hcl.Pos{Line:1, Column:31, Byte:30}}
2025-12-28T13:39:49.768-0500 [TRACE] AttachResourceConfigTransformer: attaching provider meta configs to test_instance.foo (expand)
2025-12-28T13:39:49.768-0500 [TRACE] AttachResourceConfigTransformer: attaching to "test_instance.foo" (*farseek.NodeApplyableResourceInstance) config from hcl.Range{Filename:"main.tf", Start:hcl.Pos{Line:1, Column:1, Byte:0}, End:hcl.Pos{Line:1, Column:31, Byte:30}}
2025-12-28T13:39:49.768-0500 [TRACE] AttachResourceConfigTransformer: attaching provider meta configs to test_instance.foo
2025-12-28T13:39:49.768-0500 [TRACE] Completed graph transform *farseek.AttachResourceConfigTransformer (no changes)
2025-12-28T13:39:49.768-0500 [TRACE] Executing graph transform *farseek.graphTransformerMulti
2025-12-28T13:39:49.768-0500 [TRACE] (graphTransformerMulti) Executing graph transform *farseek.ProviderConfigTransformer
2025-12-28T13:39:49.768-0500 [TRACE] (graphTransformerMulti) Completed graph transform *farseek.ProviderConfigTransformer with new graph:
  test_instance.foo - *farseek.NodeApplyableResourceInstance
    test_instance.foo (expand) - *farseek.nodeExpandApplyableResource
  test_instance.foo (expand) - *farseek.nodeExpandApplyableResource
  ------
2025-12-28T13:39:49.768-0500 [TRACE] (graphTransformerMulti) Executing graph transform *farseek.MissingProviderTransformer
2025-12-28T13:39:49.768-0500 [DEBUG] adding implicit provider configuration provider["registry.opentofu.org/hashicorp/test"], implied first by test_instance.foo (expand)
2025-12-28T13:39:49.768-0500 [TRACE] (graphTransformerMulti) Completed graph transform *farseek.MissingProviderTransformer with new graph:
  provider["registry.opentofu.org/hashicorp/test"] - *farseek.NodeApplyableProvider
  test_instance.foo - *farseek.NodeApplyableResourceInstance
    test_instance.foo (expand) - *farseek.nodeExpandApplyableResource
  test_instance.foo (expand) - *farseek.nodeExpandApplyableResource
  ------
2025-12-28T13:39:49.768-0500 [TRACE] (graphTransformerMulti) Executing graph transform *farseek.ProviderTransformer
2025-12-28T13:39:49.768-0500 [TRACE] ProviderTransformer: exact match for provider["registry.opentofu.org/hashicorp/test"] serving test_instance.foo (expand)
2025-12-28T13:39:49.768-0500 [DEBUG] ProviderTransformer: "test_instance.foo (expand)" (*farseek.nodeExpandApplyableResource) needs provider["registry.opentofu.org/hashicorp/test"]
2025-12-28T13:39:49.768-0500 [TRACE] ProviderTransformer: exact match for provider["registry.opentofu.org/hashicorp/test"] serving test_instance.foo
2025-12-28T13:39:49.768-0500 [DEBUG] ProviderTransformer: "test_instance.foo" (*farseek.NodeApplyableResourceInstance) needs provider["registry.opentofu.org/hashicorp/test"]
2025-12-28T13:39:49.768-0500 [TRACE] (graphTransformerMulti) Completed graph transform *farseek.ProviderTransformer with new graph:
  provider["registry.opentofu.org/hashicorp/test"] - *farseek.NodeApplyableProvider
  test_instance.foo - *farseek.NodeApplyableResourceInstance
    provider["registry.opentofu.org/hashicorp/test"] - *farseek.NodeApplyableProvider
    test_instance.foo (expand) - *farseek.nodeExpandApplyableResource
  test_instance.foo (expand) - *farseek.nodeExpandApplyableResource
    provider["registry.opentofu.org/hashicorp/test"] - *farseek.NodeApplyableProvider
  ------
2025-12-28T13:39:49.768-0500 [TRACE] Completed graph transform *farseek.graphTransformerMulti with new graph:
  provider["registry.opentofu.org/hashicorp/test"] - *farseek.NodeApplyableProvider
  test_instance.foo - *farseek.NodeApplyableResourceInstance
    provider["registry.opentofu.org/hashicorp/test"] - *farseek.NodeApplyableProvider
    test_instance.foo (expand) - *farseek.nodeExpandApplyableResource
  test_instance.foo (expand) - *farseek.nodeExpandApplyableResource
    provider["registry.opentofu.org/hashicorp/test"] - *farseek.NodeApplyableProvider
  ------
2025-12-28T13:39:49.768-0500 [TRACE] Executing graph transform *farseek.RemovedModuleTransformer
2025-12-28T13:39:49.768-0500 [TRACE] Completed graph transform *farseek.RemovedModuleTransformer (no changes)
2025-12-28T13:39:49.768-0500 [TRACE] Executing graph transform *farseek.AttachSchemaTransformer
2025-12-28T13:39:49.768-0500 [TRACE] AttachSchemaTransformer: attaching resource schema to test_instance.foo (expand)
2025-12-28T13:39:49.768-0500 [TRACE] AttachSchemaTransformer: attaching resource schema to test_instance.foo
2025-12-28T13:39:49.768-0500 [ERROR] AttachSchemaTransformer: No provider config schema available for provider["registry.opentofu.org/hashicorp/test"]
2025-12-28T13:39:49.768-0500 [TRACE] Completed graph transform *farseek.AttachSchemaTransformer (no changes)
2025-12-28T13:39:49.768-0500 [TRACE] Executing graph transform *farseek.ProviderUnconfiguredTransformer
2025-12-28T13:39:49.768-0500 [TRACE] Completed graph transform *farseek.ProviderUnconfiguredTransformer (no changes)
2025-12-28T13:39:49.768-0500 [TRACE] Executing graph transform *farseek.ProviderFunctionTransformer
2025-12-28T13:39:49.768-0500 [TRACE] Completed graph transform *farseek.ProviderFunctionTransformer (no changes)
2025-12-28T13:39:49.768-0500 [TRACE] Executing graph transform *farseek.PruneProviderTransformer
2025-12-28T13:39:49.768-0500 [TRACE] Completed graph transform *farseek.PruneProviderTransformer (no changes)
2025-12-28T13:39:49.768-0500 [TRACE] Executing graph transform *farseek.ModuleExpansionTransformer
2025-12-28T13:39:49.768-0500 [TRACE] Completed graph transform *farseek.ModuleExpansionTransformer (no changes)
2025-12-28T13:39:49.768-0500 [TRACE] Executing graph transform *farseek.ExternalReferenceTransformer
2025-12-28T13:39:49.768-0500 [TRACE] Completed graph transform *farseek.ExternalReferenceTransformer (no changes)
2025-12-28T13:39:49.768-0500 [TRACE] Executing graph transform *farseek.ReferenceTransformer
2025-12-28T13:39:49.768-0500 [DEBUG] ReferenceTransformer: "test_instance.foo" references: []
2025-12-28T13:39:49.768-0500 [DEBUG] ReferenceTransformer: "provider[\"registry.opentofu.org/hashicorp/test\"]" references: []
2025-12-28T13:39:49.768-0500 [DEBUG] ReferenceTransformer: "test_instance.foo (expand)" references: []
2025-12-28T13:39:49.768-0500 [TRACE] Completed graph transform *farseek.ReferenceTransformer (no changes)
2025-12-28T13:39:49.768-0500 [TRACE] Executing graph transform *farseek.AttachDependenciesTransformer
2025-12-28T13:39:49.768-0500 [TRACE] AttachDependenciesTransformer: test_instance.foo depends on []
2025-12-28T13:39:49.768-0500 [TRACE] Completed graph transform *farseek.AttachDependenciesTransformer (no changes)
2025-12-28T13:39:49.768-0500 [TRACE] Executing graph transform *farseek.checkStartTransformer
2025-12-28T13:39:49.768-0500 [TRACE] Completed graph transform *farseek.checkStartTransformer (no changes)
2025-12-28T13:39:49.768-0500 [TRACE] Executing graph transform *farseek.ForcedCBDTransformer
2025-12-28T13:39:49.768-0500 [TRACE] ForcedCBDTransformer: "test_instance.foo" (*farseek.NodeApplyableResourceInstance) has no CBD descendent, so skipping
2025-12-28T13:39:49.768-0500 [TRACE] Completed graph transform *farseek.ForcedCBDTransformer (no changes)
2025-12-28T13:39:49.768-0500 [TRACE] Executing graph transform *farseek.DestroyEdgeTransformer
2025-12-28T13:39:49.768-0500 [TRACE] Completed graph transform *farseek.DestroyEdgeTransformer (no changes)
2025-12-28T13:39:49.768-0500 [TRACE] Executing graph transform *farseek.CBDEdgeTransformer
2025-12-28T13:39:49.768-0500 [TRACE] Completed graph transform *farseek.CBDEdgeTransformer (no changes)
2025-12-28T13:39:49.768-0500 [TRACE] Executing graph transform *farseek.pruneUnusedNodesTransformer
2025-12-28T13:39:49.768-0500 [TRACE] pruneUnusedNodes: expanding vertex "test_instance.foo (expand)" kept because an instance vertex "test_instance.foo" depends on it
2025-12-28T13:39:49.768-0500 [TRACE] pruneUnusedNodes: vertex "test_instance.foo" kept
2025-12-28T13:39:49.768-0500 [TRACE] pruneUnusedNodes: provider vertex "provider[\"registry.opentofu.org/hashicorp/test\"]" kept because vertex "test_instance.foo" depends on it
2025-12-28T13:39:49.768-0500 [TRACE] Completed graph transform *farseek.pruneUnusedNodesTransformer (no changes)
2025-12-28T13:39:49.768-0500 [TRACE] Executing graph transform *farseek.TargetingTransformer
2025-12-28T13:39:49.768-0500 [TRACE] Completed graph transform *farseek.TargetingTransformer (no changes)
2025-12-28T13:39:49.768-0500 [TRACE] Executing graph transform *farseek.CloseableResourceTransformer
2025-12-28T13:39:49.768-0500 [TRACE] Completed graph transform *farseek.CloseableResourceTransformer (no changes)
2025-12-28T13:39:49.768-0500 [TRACE] Executing graph transform *farseek.CloseProviderTransformer
2025-12-28T13:39:49.768-0500 [TRACE] Completed graph transform *farseek.CloseProviderTransformer with new graph:
  provider["registry.opentofu.org/hashicorp/test"] - *farseek.NodeApplyableProvider
  provider["registry.opentofu.org/hashicorp/test"] (close) - *farseek.graphNodeCloseProvider
    provider["registry.opentofu.org/hashicorp/test"] - *farseek.NodeApplyableProvider
    test_instance.foo - *farseek.NodeApplyableResourceInstance
    test_instance.foo (expand) - *farseek.nodeExpandApplyableResource
  test_instance.foo - *farseek.NodeApplyableResourceInstance
    provider["registry.opentofu.org/hashicorp/test"] - *farseek.NodeApplyableProvider
    test_instance.foo (expand) - *farseek.nodeExpandApplyableResource
  test_instance.foo (expand) - *farseek.nodeExpandApplyableResource
    provider["registry.opentofu.org/hashicorp/test"] - *farseek.NodeApplyableProvider
  ------
2025-12-28T13:39:49.768-0500 [TRACE] Executing graph transform *farseek.CloseRootModuleTransformer
2025-12-28T13:39:49.768-0500 [TRACE] Completed graph transform *farseek.CloseRootModuleTransformer with new graph:
  provider["registry.opentofu.org/hashicorp/test"] - *farseek.NodeApplyableProvider
  provider["registry.opentofu.org/hashicorp/test"] (close) - *farseek.graphNodeCloseProvider
    provider["registry.opentofu.org/hashicorp/test"] - *farseek.NodeApplyableProvider
    test_instance.foo - *farseek.NodeApplyableResourceInstance
    test_instance.foo (expand) - *farseek.nodeExpandApplyableResource
  root - *farseek.nodeCloseModule
    provider["registry.opentofu.org/hashicorp/test"] (close) - *farseek.graphNodeCloseProvider
  test_instance.foo - *farseek.NodeApplyableResourceInstance
    provider["registry.opentofu.org/hashicorp/test"] - *farseek.NodeApplyableProvider
    test_instance.foo (expand) - *farseek.nodeExpandApplyableResource
  test_instance.foo (expand) - *farseek.nodeExpandApplyableResource
    provider["registry.opentofu.org/hashicorp/test"] - *farseek.NodeApplyableProvider
  ------
2025-12-28T13:39:49.768-0500 [TRACE] Executing graph transform *farseek.TransitiveReductionTransformer
2025-12-28T13:39:49.768-0500 [TRACE] Completed graph transform *farseek.TransitiveReductionTransformer with new graph:
  provider["registry.opentofu.org/hashicorp/test"] - *farseek.NodeApplyableProvider
  provider["registry.opentofu.org/hashicorp/test"] (close) - *farseek.graphNodeCloseProvider
    test_instance.foo - *farseek.NodeApplyableResourceInstance
  root - *farseek.nodeCloseModule
    provider["registry.opentofu.org/hashicorp/test"] (close) - *farseek.graphNodeCloseProvider
  test_instance.foo - *farseek.NodeApplyableResourceInstance
    test_instance.foo (expand) - *farseek.nodeExpandApplyableResource
  test_instance.foo (expand) - *farseek.nodeExpandApplyableResource
    provider["registry.opentofu.org/hashicorp/test"] - *farseek.NodeApplyableProvider
  ------
2025-12-28T13:39:49.768-0500 [DEBUG] Starting graph walk: walkApply
2025-12-28T13:39:49.768-0500 [TRACE] vertex "provider[\"registry.opentofu.org/hashicorp/test\"]": starting visit (*farseek.NodeApplyableProvider)
2025-12-28T13:39:49.768-0500 [TRACE] BuiltinEvalContext: Initialized "provider[\"registry.opentofu.org/hashicorp/test\"]"%!s(<nil>) provider for provider["registry.opentofu.org/hashicorp/test"]
2025-12-28T13:39:49.768-0500 [TRACE] NodeApplyableProvider: configuring provider["registry.opentofu.org/hashicorp/test"]
2025-12-28T13:39:49.768-0500 [TRACE] buildProviderConfig for provider["registry.opentofu.org/hashicorp/test"]: no configuration at all
2025-12-28T13:39:49.768-0500 [TRACE] vertex "provider[\"registry.opentofu.org/hashicorp/test\"]": visit complete
2025-12-28T13:39:49.768-0500 [TRACE] vertex "test_instance.foo (expand)": starting visit (*farseek.nodeExpandApplyableResource)
2025-12-28T13:39:49.768-0500 [TRACE] vertex "test_instance.foo (expand)": visit complete
2025-12-28T13:39:49.768-0500 [TRACE] vertex "test_instance.foo": starting visit (*farseek.NodeApplyableResourceInstance)
2025-12-28T13:39:49.768-0500 [TRACE] Resolving provider key for test_instance.foo
2025-12-28T13:39:49.768-0500 [TRACE] Resolved provider key for test_instance.foo as %!s(<nil>)
2025-12-28T13:39:49.768-0500 [TRACE] readDiff: Read Create change from plan for test_instance.foo
2025-12-28T13:39:49.768-0500 [TRACE] readResourceInstanceState: reading state for test_instance.foo
2025-12-28T13:39:49.768-0500 [TRACE] readResourceInstanceState: no state present for test_instance.foo
2025-12-28T13:39:49.768-0500 [TRACE] readDiff: Read Create change from plan for test_instance.foo
2025-12-28T13:39:49.769-0500 [TRACE] Re-validating config for "test_instance.foo"
2025-12-28T13:39:49.769-0500 [TRACE] plan: test_instance.foo lifecycle.destroy evaluation result: skipDestroy=false
2025-12-28T13:39:49.769-0500 [TRACE] checkPlannedChange: Verifying that actual change (action Create) matches planned change (action Create)
2025-12-28T13:39:49.769-0500 [INFO]  Starting apply for test_instance.foo
2025-12-28T13:39:49.769-0500 [DEBUG] test_instance.foo: applying the planned Create change
2025-12-28T13:39:49.769-0500 [TRACE] apply: test_instance.foo lifecycle.destroy evaluation result: skipDestroy=false
2025-12-28T13:39:49.769-0500 [TRACE] NodeAbstractResourceInstance.writeResourceInstanceState to workingState for test_instance.foo
2025-12-28T13:39:49.769-0500 [TRACE] NodeAbstractResourceInstance.writeResourceInstanceState: writing state object for test_instance.foo
2025-12-28T13:39:49.769-0500 [TRACE] NodeAbstractResourceInstance.writeResourceInstanceState to workingState for test_instance.foo
2025-12-28T13:39:49.769-0500 [TRACE] NodeAbstractResourceInstance.writeResourceInstanceState: writing state object for test_instance.foo
2025-12-28T13:39:49.769-0500 [TRACE] statemgr.Filesystem: reading latest snapshot from /private/var/folders/lq/09rc121s2zvbk4xhs_nkyv0c0000gn/T/TestApply_jsonGoldenReference1163615420/002/state.tfstate
2025-12-28T13:39:49.769-0500 [TRACE] statemgr.Filesystem: snapshot file has nil snapshot, but that's okay
2025-12-28T13:39:49.769-0500 [TRACE] statemgr.Filesystem: read nil snapshot
2025-12-28T13:39:49.769-0500 [DEBUG] State storage *statemgr.Filesystem declined to persist a state snapshot
2025-12-28T13:39:49.769-0500 [TRACE] vertex "test_instance.foo": visit complete
2025-12-28T13:39:49.769-0500 [TRACE] vertex "provider[\"registry.opentofu.org/hashicorp/test\"] (close)": starting visit (*farseek.graphNodeCloseProvider)
2025-12-28T13:39:49.769-0500 [TRACE] vertex "provider[\"registry.opentofu.org/hashicorp/test\"] (close)": visit complete
2025-12-28T13:39:49.769-0500 [TRACE] vertex "root": starting visit (*farseek.nodeCloseModule)
2025-12-28T13:39:49.769-0500 [TRACE] vertex "root": visit complete
2025-12-28T13:39:49.769-0500 [TRACE] statemgr.Filesystem: reading latest snapshot from /private/var/folders/lq/09rc121s2zvbk4xhs_nkyv0c0000gn/T/TestApply_jsonGoldenReference1163615420/002/state.tfstate
2025-12-28T13:39:49.769-0500 [TRACE] statemgr.Filesystem: snapshot file has nil snapshot, but that's okay
2025-12-28T13:39:49.769-0500 [TRACE] statemgr.Filesystem: read nil snapshot
2025-12-28T13:39:49.769-0500 [TRACE] statemgr.Filesystem: no original state snapshot to back up
2025-12-28T13:39:49.769-0500 [TRACE] statemgr.Filesystem: state has changed since last snapshot, so incrementing serial to 1
2025-12-28T13:39:49.769-0500 [TRACE] statemgr.Filesystem: writing snapshot at /private/var/folders/lq/09rc121s2zvbk4xhs_nkyv0c0000gn/T/TestApply_jsonGoldenReference1163615420/002/state.tfstate
2025-12-28T13:39:49.773-0500 [TRACE] statemgr.Filesystem: removed lock metadata file /private/var/folders/lq/09rc121s2zvbk4xhs_nkyv0c0000gn/T/TestApply_jsonGoldenReference1163615420/002/.state.tfstate.lock.info
2025-12-28T13:39:49.773-0500 [TRACE] statemgr.Filesystem: unlocking /private/var/folders/lq/09rc121s2zvbk4xhs_nkyv0c0000gn/T/TestApply_jsonGoldenReference1163615420/002/state.tfstate
    apply_test.go:1979: Reading golden file from: /Users/rafasiqueira/Work/farseek/internal/command/testdata/apply/output.jsonlog
    apply_test.go:1979: wrong output lines
          []map[string]any{
          	{"@level": string("info"), "@message": string("test_instance.foo: Plan to create"), "@module": string("farseek.ui"), "change": map[string]any{"action": string("create"), "resource": map[string]any{"addr": string("test_instance.foo"), "implied_provider": string("test"), "module": string(""), "resource": string("test_instance.foo"), ...}}, ...},
          	{"@level": string("info"), "@message": string("Plan: 1 to add, 0 to change, 0 to destroy."), "@module": string("farseek.ui"), "changes": map[string]any{"add": float64(1), "change": float64(0), "forget": float64(0), "import": float64(0), ...}, ...},
          	{"action": string("create"), "resource": map[string]any{"addr": string("test_instance.foo"), "implied_provider": string("test"), "module": string(""), "resource": string("test_instance.foo"), ...}},
          	{
          		"action":   string("create"),
        - 		"id_key":   string("id"),
        - 		"id_value": string("foo"),
          		"resource": map[string]any{"addr": string("test_instance.foo"), "implied_provider": string("test"), "module": string(""), "resource": string("test_instance.foo"), ...},
          	},
          	{"@level": string("info"), "@message": string("Apply complete! Resources: 1 added, 0 changed, 0 destroyed."), "@module": string("farseek.ui"), "changes": map[string]any{"add": float64(1), "change": float64(0), "forget": float64(0), "import": float64(0), ...}, ...},
          	{"@level": string("info"), "@message": string("Outputs: 0"), "@module": string("farseek.ui"), "outputs": map[string]any{}, ...},
          }
        
        NOTE: This failure may indicate a UI change affecting the behavior of structured run output on TFC.
        Please communicate with Terraform Cloud team before resolving
--- FAIL: TestApply_jsonGoldenReference (0.03s)
FAIL
FAIL	github.com/rafagsiqueira/farseek/internal/command	0.628s
FAIL
